
> 247ibet-sveltekit@0.2.0 test:e2e /home/martin/Downloads/247ibet-sveltekit/.omx/team/execute-the-approved-mobile-ty/worktrees/worker-5
> playwright test


Running 12 tests using 2 workers

(node:1139850) Warning: The 'NO_COLOR' env is ignored due to the 'FORCE_COLOR' env being set.
(Use `node --trace-warnings ...` to show where the warning was created)
(node:1139855) Warning: The 'NO_COLOR' env is ignored due to the 'FORCE_COLOR' env being set.
(Use `node --trace-warnings ...` to show where the warning was created)
(node:1139850) Warning: The 'NO_COLOR' env is ignored due to the 'FORCE_COLOR' env being set.
(Use `node --trace-warnings ...` to show where the warning was created)
(node:1139855) Warning: The 'NO_COLOR' env is ignored due to the 'FORCE_COLOR' env being set.
(Use `node --trace-warnings ...` to show where the warning was created)
  ✓   1 [chromium-mobile] › tests/e2e/admin-disabled.spec.ts:6:3 › Admin Surface › returns 404 for admin dashboard when ADMIN_ENABLED is not set (250ms)
  ✓   2 [chromium-mobile] › tests/e2e/age-gate-server.spec.ts:4:3 › Server-Side Age Gate › unverified request is intercepted by the age gate (273ms)
  ✓   3 [chromium-mobile] › tests/e2e/csp-headers.spec.ts:6:3 › Content Security Policy › top-3 routes serve a content-security-policy-report-only header (55ms)
  -   5 [chromium-mobile] › tests/e2e/csp-synthetic-crawl.spec.ts:43:6 › CSP synthetic crawl — no first-party violations across top routes
  ✓   6 [chromium-mobile] › tests/e2e/sample.smoke.spec.ts:3:1 › homepage loads with a non-empty title and no console errors on initial paint (235ms)
  ✓   4 [chromium-mobile] › tests/e2e/age-gate-server.spec.ts:16:5 › Server-Side Age Gate › Bot Request › verified bot request bypasses the age gate (323ms)
(node:1140486) Warning: The 'NO_COLOR' env is ignored due to the 'FORCE_COLOR' env being set.
(Use `node --trace-warnings ...` to show where the warning was created)
(node:1140535) Warning: The 'NO_COLOR' env is ignored due to the 'FORCE_COLOR' env being set.
(Use `node --trace-warnings ...` to show where the warning was created)
(node:1140486) Warning: The 'NO_COLOR' env is ignored due to the 'FORCE_COLOR' env being set.
(Use `node --trace-warnings ...` to show where the warning was created)
(node:1140535) Warning: The 'NO_COLOR' env is ignored due to the 'FORCE_COLOR' env being set.
(Use `node --trace-warnings ...` to show where the warning was created)
  ✓   7 [chromium-desktop] › tests/e2e/admin-disabled.spec.ts:6:3 › Admin Surface › returns 404 for admin dashboard when ADMIN_ENABLED is not set (155ms)
  ✓   9 [chromium-desktop] › tests/e2e/csp-headers.spec.ts:6:3 › Content Security Policy › top-3 routes serve a content-security-policy-report-only header (50ms)
  -  10 [chromium-desktop] › tests/e2e/csp-synthetic-crawl.spec.ts:43:6 › CSP synthetic crawl — no first-party violations across top routes
  ✓   8 [chromium-desktop] › tests/e2e/age-gate-server.spec.ts:4:3 › Server-Side Age Gate › unverified request is intercepted by the age gate (281ms)
  ✓  11 [chromium-desktop] › tests/e2e/sample.smoke.spec.ts:3:1 › homepage loads with a non-empty title and no console errors on initial paint (177ms)
  ✓  12 [chromium-desktop] › tests/e2e/age-gate-server.spec.ts:16:5 › Server-Side Age Gate › Bot Request › verified bot request bypasses the age gate (302ms)

  2 skipped
  10 passed (2.6s)
